<?xml version="1.0" encoding="UTF-8"?>
<!-- Generated by org.testng.reporters.JUnitXMLReporter -->
<testsuite hostname="DESKTOP-3GNVT0U" ignored="0" name="Default test" tests="4" failures="0" timestamp="29 Dec 2020 17:05:16 GMT" time="1071.563" errors="0">
  <testcase name="chargeCreation" time="249.675" classname="com.qa.testcases.SubscriptionManagement"/>
  <testcase name="chargeCreation" time="253.527" classname="com.qa.testcases.SubscriptionManagement"/>
  <testcase name="chargeCreation" time="265.268" classname="com.qa.testcases.SubscriptionManagement"/>
  <testcase name="chargeCreation" time="184.567" classname="com.qa.testcases.SubscriptionManagement"/>
</testsuite> <!-- Default test -->
